2016-11-25 23:44:59 [::1][-][23c2749ff92625c21856573d7c2af12a][error][yii\web\HttpException:401] exception 'yii\web\HttpException' with message 'Вы должны зарегистрироваться, чтобы посмотреть профиль этого пользователя!' in /Applications/MAMP/htdocs/humhub/protected/humhub/modules/user/behaviors/ProfileController.php:72
Stack trace:
#0 [internal function]: humhub\modules\user\behaviors\ProfileController->checkAccess()
#1 /Applications/MAMP/htdocs/humhub/protected/vendor/yiisoft/yii2/base/Component.php(282): call_user_func_array(Array, Array)
#2 /Applications/MAMP/htdocs/humhub/protected/humhub/modules/content/components/ContentContainerController.php(137): yii\base\Component->__call('checkAccess', Array)
#3 /Applications/MAMP/htdocs/humhub/protected/humhub/modules/content/components/ContentContainerController.php(137): humhub\modules\user\controllers\ProfileController->checkAccess()
#4 /Applications/MAMP/htdocs/humhub/protected/humhub/modules/content/components/ContentContainerController.php(97): humhub\modules\content\components\ContentContainerController->checkContainerAccess()
#5 /Applications/MAMP/htdocs/humhub/protected/vendor/yiisoft/yii2/base/Object.php(107): humhub\modules\content\components\ContentContainerController->init()
#6 /Applications/MAMP/htdocs/humhub/protected/vendor/yiisoft/yii2/base/Controller.php(84): yii\base\Object->__construct(Array)
#7 [internal function]: yii\base\Controller->__construct('profile', Object(humhub\modules\user\Module), Array)
#8 /Applications/MAMP/htdocs/humhub/protected/vendor/yiisoft/yii2/di/Container.php(373): ReflectionClass->newInstanceArgs(Array)
#9 /Applications/MAMP/htdocs/humhub/protected/vendor/yiisoft/yii2/di/Container.php(154): yii\di\Container->build('humhub\\modules\\...', Array, Array)
#10 /Applications/MAMP/htdocs/humhub/protected/vendor/yiisoft/yii2/BaseYii.php(340): yii\di\Container->get('humhub\\modules\\...', Array)
#11 /Applications/MAMP/htdocs/humhub/protected/vendor/yiisoft/yii2/base/Module.php(567): yii\BaseYii::createObject('humhub\\modules\\...', Array)
#12 /Applications/MAMP/htdocs/humhub/protected/vendor/yiisoft/yii2/base/Module.php(520): yii\base\Module->createControllerByID('profile')
#13 /Applications/MAMP/htdocs/humhub/protected/vendor/yiisoft/yii2/base/Module.php(512): yii\base\Module->createController('profile')
#14 /Applications/MAMP/htdocs/humhub/protected/vendor/yiisoft/yii2/base/Module.php(448): yii\base\Module->createController('user/profile')
#15 /Applications/MAMP/htdocs/humhub/protected/vendor/yiisoft/yii2/web/Application.php(87): yii\base\Module->runAction('user/profile', Array)
#16 /Applications/MAMP/htdocs/humhub/protected/vendor/yiisoft/yii2/base/Application.php(375): yii\web\Application->handleRequest(Object(humhub\components\Request))
#17 /Applications/MAMP/htdocs/humhub/index.php(25): yii\base\Application->run()
#18 {main}
2016-11-25 23:44:46 [::1][-][23c2749ff92625c21856573d7c2af12a][info][application] $_GET = [
    'r' => 'user/profile'
    'uguid' => 'faf7fd8e-02fa-4d03-8ead-c093619f3089'
]

$_SERVER = [
    'REMOTE_USER' => ''
    'HTTP_HOST' => 'localhost:8888'
    'HTTP_CONNECTION' => 'keep-alive'
    'HTTP_UPGRADE_INSECURE_REQUESTS' => '1'
    'HTTP_USER_AGENT' => 'Mozilla/5.0 (Macintosh; Intel Mac OS X 10_11_6) AppleWebKit/537.36 (KHTML, like Gecko) Chrome/54.0.2840.98 Safari/537.36'
    'HTTP_ACCEPT' => 'text/html,application/xhtml+xml,application/xml;q=0.9,image/webp,*/*;q=0.8'
    'HTTP_REFERER' => 'http://localhost:8888/humhub/index.php?XDEBUG_SESSION_START=netbeans-xdebug'
    'HTTP_ACCEPT_ENCODING' => 'gzip, deflate, sdch, br'
    'HTTP_ACCEPT_LANGUAGE' => 'ru-RU,ru;q=0.8,en-US;q=0.6,en;q=0.4'
    'HTTP_COOKIE' => 'pm_new-people-panel=expanded; pm_new-spaces-panel=expanded; pm_user-statistics-panel=expanded; pm_spaces-statistics-panel=expanded; BITRIX_SM_LOGIN=Leonid; _ga=GA1.1.932038363.1479537613; BITRIX_SM_UIDL=Leonid; BITRIX_SM_SALE_UID=1; BITRIX_SM_TIME_ZONE=-180; _csrf-backend=c816a782578150ed98ff1d4ce11f2e86b5baa2c3f4a248eaadf561683d60b659a%3A2%3A%7Bi%3A0%3Bs%3A13%3A%22_csrf-backend%22%3Bi%3A1%3Bs%3A32%3A%22DUxgQzgf_5gXrpXi8bCgXMAOBOpxR3Rm%22%3B%7D; advanced-backend=850677a1b082afb69757f22d931a0033; language=c4578207924cc367979ab91d6dda47a75b5e2a75733f32a835a656c26973b7fba%3A2%3A%7Bi%3A0%3Bs%3A8%3A%22language%22%3Bi%3A1%3Bs%3A2%3A%22ru%22%3B%7D; _identity-backend=2d6bd9d69e099c74100fda26a56aa6ff9ec23d91ad4204d295fe0a0fa69bd648a%3A2%3A%7Bi%3A0%3Bs%3A17%3A%22_identity-backend%22%3Bi%3A1%3Bs%3A46%3A%22%5B1%2C%22BSGsJlF4xS-tS0Be9ISHqwFNHvF3P0Wo%22%2C2592000%5D%22%3B%7D; PHPSESSID=23c2749ff92625c21856573d7c2af12a; _csrf=160fe73efb6c54fa834642bea8804a995fcb317df2dbe6c22a8f438493656ff4a%3A2%3A%7Bi%3A0%3Bs%3A5%3A%22_csrf%22%3Bi%3A1%3Bs%3A32%3A%22BGGC1dBKKAEkwmXASZR1EEnlVJN1FTAA%22%3B%7D; XDEBUG_SESSION=netbeans-xdebug'
    'HTTP_X_COMPRESS' => 'null'
    'PATH' => '/usr/bin:/bin:/usr/sbin:/sbin'
    'SERVER_SIGNATURE' => ''
    'SERVER_SOFTWARE' => 'Apache/2.2.31 (Unix) mod_wsgi/3.5 Python/2.7.12 PHP/5.6.27 mod_ssl/2.2.31 OpenSSL/1.0.2j DAV/2 mod_fastcgi/2.4.6 mod_perl/2.0.9 Perl/v5.24.0'
    'SERVER_NAME' => 'localhost'
    'SERVER_ADDR' => '::1'
    'SERVER_PORT' => '8888'
    'REMOTE_ADDR' => '::1'
    'DOCUMENT_ROOT' => '/Applications/MAMP/htdocs'
    'SERVER_ADMIN' => 'you@example.com'
    'SCRIPT_FILENAME' => '/Applications/MAMP/htdocs/humhub/index.php'
    'REMOTE_PORT' => '59705'
    'GATEWAY_INTERFACE' => 'CGI/1.1'
    'SERVER_PROTOCOL' => 'HTTP/1.1'
    'REQUEST_METHOD' => 'GET'
    'QUERY_STRING' => 'r=user%2Fprofile&uguid=faf7fd8e-02fa-4d03-8ead-c093619f3089'
    'REQUEST_URI' => '/humhub/index.php?r=user%2Fprofile&uguid=faf7fd8e-02fa-4d03-8ead-c093619f3089'
    'SCRIPT_NAME' => '/humhub/index.php'
    'PHP_SELF' => '/humhub/index.php'
    'REQUEST_TIME_FLOAT' => 1480113886.51
    'REQUEST_TIME' => 1480113886
    'argv' => [
        0 => 'r=user%2Fprofile&uguid=faf7fd8e-02fa-4d03-8ead-c093619f3089'
    ]
    'argc' => 1
]
2016-11-26 07:58:15 [::1][1][0e7fdd3688119f554f652d90dbb1dba0][error][yii\base\ErrorException:1] exception 'yii\base\ErrorException' with message 'Maximum execution time of 30 seconds exceeded' in /Applications/MAMP/htdocs/humhub/protected/vendor/nqxcode/zendsearch/library/ZendSearch/Lucene/Storage/File/Filesystem.php:148
Stack trace:
#0 /Applications/MAMP/htdocs/humhub/protected/vendor/nqxcode/zendsearch/library/ZendSearch/Lucene/Storage/File/AbstractFile.php(53): ZendSearch\Lucene\Storage\File\Filesystem->_fread()
#1 /Applications/MAMP/htdocs/humhub/protected/vendor/nqxcode/zendsearch/library/ZendSearch/Lucene/Index/SegmentWriter/AbstractSegmentWriter.php(596): ZendSearch\Lucene\Storage\File\AbstractFile->readBytes()
#2 /Applications/MAMP/htdocs/humhub/protected/vendor/nqxcode/zendsearch/library/ZendSearch/Lucene/Index/SegmentWriter/DocumentWriter.php(201): ZendSearch\Lucene\Index\SegmentWriter\AbstractSegmentWriter->_generateCFS()
#3 /Applications/MAMP/htdocs/humhub/protected/vendor/nqxcode/zendsearch/library/ZendSearch/Lucene/Index/Writer.php(740): ZendSearch\Lucene\Index\SegmentWriter\DocumentWriter->close()
#4 /Applications/MAMP/htdocs/humhub/protected/vendor/nqxcode/zendsearch/library/ZendSearch/Lucene/Index.php(1158): ZendSearch\Lucene\Index\Writer->commit()
#5 /Applications/MAMP/htdocs/humhub/protected/humhub/modules/search/engine/ZendLuceneSearch.php(70): ZendSearch\Lucene\Index->commit()
#6 /Applications/MAMP/htdocs/humhub/protected/humhub/modules/search/engine/ZendLuceneSearch.php(76): humhub\modules\search\engine\ZendLuceneSearch->add()
#7 /Applications/MAMP/htdocs/humhub/protected/humhub/modules/space/models/Space.php(154): humhub\modules\search\engine\ZendLuceneSearch->update()
#8 /Applications/MAMP/htdocs/humhub/protected/vendor/yiisoft/yii2/db/BaseActiveRecord.php(744): humhub\modules\space\models\Space->afterSave()
#9 /Applications/MAMP/htdocs/humhub/protected/vendor/yiisoft/yii2/db/ActiveRecord.php(533): yii\db\BaseActiveRecord->updateInternal()
#10 /Applications/MAMP/htdocs/humhub/protected/humhub/modules/content/components/ContentContainerActiveRecord.php(134): yii\db\ActiveRecord->update()
#11 /Applications/MAMP/htdocs/humhub/protected/humhub/modules/space/models/Space.php(152): humhub\modules\content\components\ContentContainerActiveRecord->afterSave()
#12 /Applications/MAMP/htdocs/humhub/protected/vendor/yiisoft/yii2/db/ActiveRecord.php(468): humhub\modules\space\models\Space->afterSave()
#13 /Applications/MAMP/htdocs/humhub/protected/vendor/yiisoft/yii2/db/ActiveRecord.php(427): yii\db\ActiveRecord->insertInternal()
#14 /Applications/MAMP/htdocs/humhub/protected/vendor/yiisoft/yii2/db/BaseActiveRecord.php(598): yii\db\ActiveRecord->insert()
#15 /Applications/MAMP/htdocs/humhub/protected/humhub/modules/space/controllers/CreateController.php(61): yii\db\BaseActiveRecord->save()
#16 /Applications/MAMP/htdocs/humhub/protected/vendor/yiisoft/yii2/base/InlineAction.php(55): humhub\modules\space\controllers\CreateController->actionCreate()
#17 /Applications/MAMP/htdocs/humhub/protected/vendor/yiisoft/yii2/base/InlineAction.php(55): ::call_user_func_array:{/Applications/MAMP/htdocs/humhub/protected/vendor/yiisoft/yii2/base/InlineAction.php:55}()
#18 /Applications/MAMP/htdocs/humhub/protected/vendor/yiisoft/yii2/base/Controller.php(154): yii\base\InlineAction->runWithParams()
#19 /Applications/MAMP/htdocs/humhub/protected/vendor/yiisoft/yii2/base/Module.php(454): yii\base\Controller->runAction()
#20 /Applications/MAMP/htdocs/humhub/protected/vendor/yiisoft/yii2/web/Application.php(87): yii\base\Module->runAction()
#21 /Applications/MAMP/htdocs/humhub/protected/vendor/yiisoft/yii2/base/Application.php(375): yii\web\Application->handleRequest()
#22 /Applications/MAMP/htdocs/humhub/index.php(25): yii\base\Application->run()
#23 {main}
2016-11-26 07:57:42 [::1][1][0e7fdd3688119f554f652d90dbb1dba0][info][application] $_GET = [
    'r' => 'space/create/create'
]

$_SERVER = [
    'REMOTE_USER' => ''
    'HTTP_HOST' => 'localhost:8888'
    'HTTP_CONNECTION' => 'keep-alive'
    'CONTENT_LENGTH' => '346'
    'HTTP_ACCEPT' => '*/*'
    'HTTP_ORIGIN' => 'http://localhost:8888'
    'HTTP_X_CSRF_TOKEN' => 'eTZpRkVMdW47cS4FdCg3JTJ3LC0yIS0vKmw7dwAJGwIvfCd3Axg0Lw=='
    'HTTP_X_REQUESTED_WITH' => 'XMLHttpRequest'
    'HTTP_USER_AGENT' => 'Mozilla/5.0 (Macintosh; Intel Mac OS X 10_11_6) AppleWebKit/537.36 (KHTML, like Gecko) Chrome/54.0.2840.98 Safari/537.36'
    'CONTENT_TYPE' => 'application/x-www-form-urlencoded; charset=UTF-8'
    'HTTP_REFERER' => 'http://localhost:8888/humhub/index.php?r=directory%2Fdirectory%2Fuser-posts'
    'HTTP_ACCEPT_ENCODING' => 'gzip, deflate, br'
    'HTTP_ACCEPT_LANGUAGE' => 'ru-RU,ru;q=0.8,en-US;q=0.6,en;q=0.4'
    'HTTP_COOKIE' => 'pm_new-people-panel=expanded; pm_new-spaces-panel=expanded; pm_user-statistics-panel=expanded; pm_spaces-statistics-panel=expanded; pm_getting-started-panel=expanded; BITRIX_SM_LOGIN=Leonid; _ga=GA1.1.932038363.1479537613; BITRIX_SM_UIDL=Leonid; BITRIX_SM_SALE_UID=1; BITRIX_SM_TIME_ZONE=-180; _csrf-backend=c816a782578150ed98ff1d4ce11f2e86b5baa2c3f4a248eaadf561683d60b659a%3A2%3A%7Bi%3A0%3Bs%3A13%3A%22_csrf-backend%22%3Bi%3A1%3Bs%3A32%3A%22DUxgQzgf_5gXrpXi8bCgXMAOBOpxR3Rm%22%3B%7D; advanced-backend=850677a1b082afb69757f22d931a0033; language=c4578207924cc367979ab91d6dda47a75b5e2a75733f32a835a656c26973b7fba%3A2%3A%7Bi%3A0%3Bs%3A8%3A%22language%22%3Bi%3A1%3Bs%3A2%3A%22ru%22%3B%7D; _identity-backend=2d6bd9d69e099c74100fda26a56aa6ff9ec23d91ad4204d295fe0a0fa69bd648a%3A2%3A%7Bi%3A0%3Bs%3A17%3A%22_identity-backend%22%3Bi%3A1%3Bs%3A46%3A%22%5B1%2C%22BSGsJlF4xS-tS0Be9ISHqwFNHvF3P0Wo%22%2C2592000%5D%22%3B%7D; _csrf=160fe73efb6c54fa834642bea8804a995fcb317df2dbe6c22a8f438493656ff4a%3A2%3A%7Bi%3A0%3Bs%3A5%3A%22_csrf%22%3Bi%3A1%3Bs%3A32%3A%22BGGC1dBKKAEkwmXASZR1EEnlVJN1FTAA%22%3B%7D; PHPSESSID=0e7fdd3688119f554f652d90dbb1dba0; _identity=66c6f668f90eabc8ec407053586ed6c7cc4c9d262ff7b18ece132f5a208a4fb7a%3A2%3A%7Bi%3A0%3Bs%3A9%3A%22_identity%22%3Bi%3A1%3Bs%3A50%3A%22%5B1%2C%22faf7fd8e-02fa-4d03-8ead-c093619f3089%22%2C2592000%5D%22%3B%7D'
    'HTTP_X_COMPRESS' => 'null'
    'PATH' => '/usr/bin:/bin:/usr/sbin:/sbin'
    'SERVER_SIGNATURE' => ''
    'SERVER_SOFTWARE' => 'Apache/2.2.31 (Unix) mod_wsgi/3.5 Python/2.7.12 PHP/5.6.27 mod_ssl/2.2.31 OpenSSL/1.0.2j DAV/2 mod_fastcgi/2.4.6 mod_perl/2.0.9 Perl/v5.24.0'
    'SERVER_NAME' => 'localhost'
    'SERVER_ADDR' => '::1'
    'SERVER_PORT' => '8888'
    'REMOTE_ADDR' => '::1'
    'DOCUMENT_ROOT' => '/Applications/MAMP/htdocs'
    'SERVER_ADMIN' => 'you@example.com'
    'SCRIPT_FILENAME' => '/Applications/MAMP/htdocs/humhub/index.php'
    'REMOTE_PORT' => '61195'
    'GATEWAY_INTERFACE' => 'CGI/1.1'
    'SERVER_PROTOCOL' => 'HTTP/1.1'
    'REQUEST_METHOD' => 'POST'
    'QUERY_STRING' => 'r=space%2Fcreate%2Fcreate'
    'REQUEST_URI' => '/humhub/index.php?r=space%2Fcreate%2Fcreate'
    'SCRIPT_NAME' => '/humhub/index.php'
    'PHP_SELF' => '/humhub/index.php'
    'REQUEST_TIME_FLOAT' => 1480143462.48
    'REQUEST_TIME' => 1480143462
    'argv' => [
        0 => 'r=space%2Fcreate%2Fcreate'
    ]
    'argc' => 1
]
2016-11-26 10:26:13 [::1][1][657e7b75bea31bca1a44adfabe81e514][error][yii\base\ErrorException:1] exception 'yii\base\ErrorException' with message 'Maximum execution time of 30 seconds exceeded' in /Applications/MAMP/htdocs/humhub/protected/vendor/nqxcode/zendsearch/library/ZendSearch/Lucene/Storage/File/Filesystem.php:148
Stack trace:
#0 /Applications/MAMP/htdocs/humhub/protected/vendor/nqxcode/zendsearch/library/ZendSearch/Lucene/Storage/File/AbstractFile.php(53): ZendSearch\Lucene\Storage\File\Filesystem->_fread()
#1 /Applications/MAMP/htdocs/humhub/protected/vendor/nqxcode/zendsearch/library/ZendSearch/Lucene/Index/SegmentWriter/AbstractSegmentWriter.php(596): ZendSearch\Lucene\Storage\File\AbstractFile->readBytes()
#2 /Applications/MAMP/htdocs/humhub/protected/vendor/nqxcode/zendsearch/library/ZendSearch/Lucene/Index/SegmentWriter/DocumentWriter.php(201): ZendSearch\Lucene\Index\SegmentWriter\AbstractSegmentWriter->_generateCFS()
#3 /Applications/MAMP/htdocs/humhub/protected/vendor/nqxcode/zendsearch/library/ZendSearch/Lucene/Index/Writer.php(740): ZendSearch\Lucene\Index\SegmentWriter\DocumentWriter->close()
#4 /Applications/MAMP/htdocs/humhub/protected/vendor/nqxcode/zendsearch/library/ZendSearch/Lucene/Index.php(1158): ZendSearch\Lucene\Index\Writer->commit()
#5 /Applications/MAMP/htdocs/humhub/protected/humhub/modules/search/engine/ZendLuceneSearch.php(70): ZendSearch\Lucene\Index->commit()
#6 /Applications/MAMP/htdocs/humhub/protected/humhub/modules/search/engine/ZendLuceneSearch.php(76): humhub\modules\search\engine\ZendLuceneSearch->add()
#7 /Applications/MAMP/htdocs/humhub/protected/humhub/modules/space/models/Space.php(154): humhub\modules\search\engine\ZendLuceneSearch->update()
#8 /Applications/MAMP/htdocs/humhub/protected/vendor/yiisoft/yii2/db/BaseActiveRecord.php(744): humhub\modules\space\models\Space->afterSave()
#9 /Applications/MAMP/htdocs/humhub/protected/vendor/yiisoft/yii2/db/ActiveRecord.php(533): yii\db\BaseActiveRecord->updateInternal()
#10 /Applications/MAMP/htdocs/humhub/protected/humhub/modules/content/components/ContentContainerActiveRecord.php(134): yii\db\ActiveRecord->update()
#11 /Applications/MAMP/htdocs/humhub/protected/humhub/modules/space/models/Space.php(152): humhub\modules\content\components\ContentContainerActiveRecord->afterSave()
#12 /Applications/MAMP/htdocs/humhub/protected/vendor/yiisoft/yii2/db/ActiveRecord.php(468): humhub\modules\space\models\Space->afterSave()
#13 /Applications/MAMP/htdocs/humhub/protected/vendor/yiisoft/yii2/db/ActiveRecord.php(427): yii\db\ActiveRecord->insertInternal()
#14 /Applications/MAMP/htdocs/humhub/protected/vendor/yiisoft/yii2/db/BaseActiveRecord.php(598): yii\db\ActiveRecord->insert()
#15 /Applications/MAMP/htdocs/humhub/protected/humhub/modules/space/controllers/CreateController.php(61): yii\db\BaseActiveRecord->save()
#16 /Applications/MAMP/htdocs/humhub/protected/vendor/yiisoft/yii2/base/InlineAction.php(55): humhub\modules\space\controllers\CreateController->actionCreate()
#17 /Applications/MAMP/htdocs/humhub/protected/vendor/yiisoft/yii2/base/InlineAction.php(55): ::call_user_func_array:{/Applications/MAMP/htdocs/humhub/protected/vendor/yiisoft/yii2/base/InlineAction.php:55}()
#18 /Applications/MAMP/htdocs/humhub/protected/vendor/yiisoft/yii2/base/Controller.php(154): yii\base\InlineAction->runWithParams()
#19 /Applications/MAMP/htdocs/humhub/protected/vendor/yiisoft/yii2/base/Module.php(454): yii\base\Controller->runAction()
#20 /Applications/MAMP/htdocs/humhub/protected/vendor/yiisoft/yii2/web/Application.php(87): yii\base\Module->runAction()
#21 /Applications/MAMP/htdocs/humhub/protected/vendor/yiisoft/yii2/base/Application.php(375): yii\web\Application->handleRequest()
#22 /Applications/MAMP/htdocs/humhub/index.php(25): yii\base\Application->run()
#23 {main}
2016-11-26 10:25:40 [::1][1][657e7b75bea31bca1a44adfabe81e514][info][application] $_GET = [
    'r' => 'space/create/create'
]

$_SERVER = [
    'REMOTE_USER' => ''
    'HTTP_HOST' => 'localhost:8888'
    'HTTP_CONNECTION' => 'keep-alive'
    'CONTENT_LENGTH' => '364'
    'HTTP_ACCEPT' => '*/*'
    'HTTP_ORIGIN' => 'http://localhost:8888'
    'HTTP_X_CSRF_TOKEN' => 'MXFPTEVoY0tzNggPdAwhAHowCicyBTsKYisdfQAtDSdnOwF9AzwiCg=='
    'HTTP_X_REQUESTED_WITH' => 'XMLHttpRequest'
    'HTTP_USER_AGENT' => 'Mozilla/5.0 (Macintosh; Intel Mac OS X 10_11_6) AppleWebKit/537.36 (KHTML, like Gecko) Chrome/54.0.2840.98 Safari/537.36'
    'CONTENT_TYPE' => 'application/x-www-form-urlencoded; charset=UTF-8'
    'HTTP_REFERER' => 'http://localhost:8888/humhub/index.php'
    'HTTP_ACCEPT_ENCODING' => 'gzip, deflate, br'
    'HTTP_ACCEPT_LANGUAGE' => 'ru-RU,ru;q=0.8,en-US;q=0.6,en;q=0.4'
    'HTTP_COOKIE' => 'pm_new-people-panel=expanded; pm_new-spaces-panel=expanded; pm_user-statistics-panel=expanded; pm_spaces-statistics-panel=expanded; pm_getting-started-panel=expanded; pm_space-members-panel=expanded; pm_user-tags-panel=expanded; pm_user-spaces-panel=expanded; BITRIX_SM_LOGIN=Leonid; _ga=GA1.1.932038363.1479537613; BITRIX_SM_UIDL=Leonid; BITRIX_SM_SALE_UID=1; BITRIX_SM_TIME_ZONE=-180; _csrf-backend=c816a782578150ed98ff1d4ce11f2e86b5baa2c3f4a248eaadf561683d60b659a%3A2%3A%7Bi%3A0%3Bs%3A13%3A%22_csrf-backend%22%3Bi%3A1%3Bs%3A32%3A%22DUxgQzgf_5gXrpXi8bCgXMAOBOpxR3Rm%22%3B%7D; advanced-backend=850677a1b082afb69757f22d931a0033; language=c4578207924cc367979ab91d6dda47a75b5e2a75733f32a835a656c26973b7fba%3A2%3A%7Bi%3A0%3Bs%3A8%3A%22language%22%3Bi%3A1%3Bs%3A2%3A%22ru%22%3B%7D; _identity-backend=2d6bd9d69e099c74100fda26a56aa6ff9ec23d91ad4204d295fe0a0fa69bd648a%3A2%3A%7Bi%3A0%3Bs%3A17%3A%22_identity-backend%22%3Bi%3A1%3Bs%3A46%3A%22%5B1%2C%22BSGsJlF4xS-tS0Be9ISHqwFNHvF3P0Wo%22%2C2592000%5D%22%3B%7D; _csrf=160fe73efb6c54fa834642bea8804a995fcb317df2dbe6c22a8f438493656ff4a%3A2%3A%7Bi%3A0%3Bs%3A5%3A%22_csrf%22%3Bi%3A1%3Bs%3A32%3A%22BGGC1dBKKAEkwmXASZR1EEnlVJN1FTAA%22%3B%7D; PHPSESSID=657e7b75bea31bca1a44adfabe81e514; _identity=66c6f668f90eabc8ec407053586ed6c7cc4c9d262ff7b18ece132f5a208a4fb7a%3A2%3A%7Bi%3A0%3Bs%3A9%3A%22_identity%22%3Bi%3A1%3Bs%3A50%3A%22%5B1%2C%22faf7fd8e-02fa-4d03-8ead-c093619f3089%22%2C2592000%5D%22%3B%7D'
    'HTTP_X_COMPRESS' => 'null'
    'PATH' => '/usr/bin:/bin:/usr/sbin:/sbin'
    'SERVER_SIGNATURE' => ''
    'SERVER_SOFTWARE' => 'Apache/2.2.31 (Unix) mod_wsgi/3.5 Python/2.7.12 PHP/5.6.27 mod_ssl/2.2.31 OpenSSL/1.0.2j DAV/2 mod_fastcgi/2.4.6 mod_perl/2.0.9 Perl/v5.24.0'
    'SERVER_NAME' => 'localhost'
    'SERVER_ADDR' => '::1'
    'SERVER_PORT' => '8888'
    'REMOTE_ADDR' => '::1'
    'DOCUMENT_ROOT' => '/Applications/MAMP/htdocs'
    'SERVER_ADMIN' => 'you@example.com'
    'SCRIPT_FILENAME' => '/Applications/MAMP/htdocs/humhub/index.php'
    'REMOTE_PORT' => '64055'
    'GATEWAY_INTERFACE' => 'CGI/1.1'
    'SERVER_PROTOCOL' => 'HTTP/1.1'
    'REQUEST_METHOD' => 'POST'
    'QUERY_STRING' => 'r=space%2Fcreate%2Fcreate'
    'REQUEST_URI' => '/humhub/index.php?r=space%2Fcreate%2Fcreate'
    'SCRIPT_NAME' => '/humhub/index.php'
    'PHP_SELF' => '/humhub/index.php'
    'REQUEST_TIME_FLOAT' => 1480152340.53
    'REQUEST_TIME' => 1480152340
    'argv' => [
        0 => 'r=space%2Fcreate%2Fcreate'
    ]
    'argc' => 1
]
2016-11-26 10:32:07 [::1][1][657e7b75bea31bca1a44adfabe81e514][error][yii\base\ErrorException:1] exception 'yii\base\ErrorException' with message 'Maximum execution time of 30 seconds exceeded' in /Applications/MAMP/htdocs/humhub/protected/vendor/nqxcode/zendsearch/library/ZendSearch/Lucene/Storage/File/Filesystem.php:148
Stack trace:
#0 /Applications/MAMP/htdocs/humhub/protected/vendor/nqxcode/zendsearch/library/ZendSearch/Lucene/Storage/File/AbstractFile.php(53): ZendSearch\Lucene\Storage\File\Filesystem->_fread()
#1 /Applications/MAMP/htdocs/humhub/protected/vendor/nqxcode/zendsearch/library/ZendSearch/Lucene/Index/SegmentWriter/AbstractSegmentWriter.php(596): ZendSearch\Lucene\Storage\File\AbstractFile->readBytes()
#2 /Applications/MAMP/htdocs/humhub/protected/vendor/nqxcode/zendsearch/library/ZendSearch/Lucene/Index/SegmentWriter/DocumentWriter.php(201): ZendSearch\Lucene\Index\SegmentWriter\AbstractSegmentWriter->_generateCFS()
#3 /Applications/MAMP/htdocs/humhub/protected/vendor/nqxcode/zendsearch/library/ZendSearch/Lucene/Index/Writer.php(740): ZendSearch\Lucene\Index\SegmentWriter\DocumentWriter->close()
#4 /Applications/MAMP/htdocs/humhub/protected/vendor/nqxcode/zendsearch/library/ZendSearch/Lucene/Index.php(1158): ZendSearch\Lucene\Index\Writer->commit()
#5 /Applications/MAMP/htdocs/humhub/protected/humhub/modules/search/engine/ZendLuceneSearch.php(70): ZendSearch\Lucene\Index->commit()
#6 /Applications/MAMP/htdocs/humhub/protected/humhub/modules/search/engine/ZendLuceneSearch.php(76): humhub\modules\search\engine\ZendLuceneSearch->add()
#7 /Applications/MAMP/htdocs/humhub/protected/humhub/modules/space/models/Space.php(154): humhub\modules\search\engine\ZendLuceneSearch->update()
#8 /Applications/MAMP/htdocs/humhub/protected/vendor/yiisoft/yii2/db/BaseActiveRecord.php(744): humhub\modules\space\models\Space->afterSave()
#9 /Applications/MAMP/htdocs/humhub/protected/vendor/yiisoft/yii2/db/ActiveRecord.php(533): yii\db\BaseActiveRecord->updateInternal()
#10 /Applications/MAMP/htdocs/humhub/protected/humhub/modules/content/components/ContentContainerActiveRecord.php(134): yii\db\ActiveRecord->update()
#11 /Applications/MAMP/htdocs/humhub/protected/humhub/modules/space/models/Space.php(152): humhub\modules\content\components\ContentContainerActiveRecord->afterSave()
#12 /Applications/MAMP/htdocs/humhub/protected/vendor/yiisoft/yii2/db/ActiveRecord.php(468): humhub\modules\space\models\Space->afterSave()
#13 /Applications/MAMP/htdocs/humhub/protected/vendor/yiisoft/yii2/db/ActiveRecord.php(427): yii\db\ActiveRecord->insertInternal()
#14 /Applications/MAMP/htdocs/humhub/protected/vendor/yiisoft/yii2/db/BaseActiveRecord.php(598): yii\db\ActiveRecord->insert()
#15 /Applications/MAMP/htdocs/humhub/protected/humhub/modules/space/controllers/CreateController.php(61): yii\db\BaseActiveRecord->save()
#16 /Applications/MAMP/htdocs/humhub/protected/vendor/yiisoft/yii2/base/InlineAction.php(55): humhub\modules\space\controllers\CreateController->actionCreate()
#17 /Applications/MAMP/htdocs/humhub/protected/vendor/yiisoft/yii2/base/InlineAction.php(55): ::call_user_func_array:{/Applications/MAMP/htdocs/humhub/protected/vendor/yiisoft/yii2/base/InlineAction.php:55}()
#18 /Applications/MAMP/htdocs/humhub/protected/vendor/yiisoft/yii2/base/Controller.php(154): yii\base\InlineAction->runWithParams()
#19 /Applications/MAMP/htdocs/humhub/protected/vendor/yiisoft/yii2/base/Module.php(454): yii\base\Controller->runAction()
#20 /Applications/MAMP/htdocs/humhub/protected/vendor/yiisoft/yii2/web/Application.php(87): yii\base\Module->runAction()
#21 /Applications/MAMP/htdocs/humhub/protected/vendor/yiisoft/yii2/base/Application.php(375): yii\web\Application->handleRequest()
#22 /Applications/MAMP/htdocs/humhub/index.php(25): yii\base\Application->run()
#23 {main}
2016-11-26 10:31:29 [::1][1][657e7b75bea31bca1a44adfabe81e514][info][application] $_GET = [
    'r' => 'space/create/create'
]

$_SERVER = [
    'REMOTE_USER' => ''
    'HTTP_HOST' => 'localhost:8888'
    'HTTP_CONNECTION' => 'keep-alive'
    'CONTENT_LENGTH' => '328'
    'HTTP_ACCEPT' => '*/*'
    'HTTP_ORIGIN' => 'http://localhost:8888'
    'HTTP_X_CSRF_TOKEN' => 'MXFPTEVoY0tzNggPdAwhAHowCicyBTsKYisdfQAtDSdnOwF9AzwiCg=='
    'HTTP_X_REQUESTED_WITH' => 'XMLHttpRequest'
    'HTTP_USER_AGENT' => 'Mozilla/5.0 (Macintosh; Intel Mac OS X 10_11_6) AppleWebKit/537.36 (KHTML, like Gecko) Chrome/54.0.2840.98 Safari/537.36'
    'CONTENT_TYPE' => 'application/x-www-form-urlencoded; charset=UTF-8'
    'HTTP_REFERER' => 'http://localhost:8888/humhub/index.php'
    'HTTP_ACCEPT_ENCODING' => 'gzip, deflate, br'
    'HTTP_ACCEPT_LANGUAGE' => 'ru-RU,ru;q=0.8,en-US;q=0.6,en;q=0.4'
    'HTTP_COOKIE' => 'pm_new-people-panel=expanded; pm_new-spaces-panel=expanded; pm_user-statistics-panel=expanded; pm_spaces-statistics-panel=expanded; pm_getting-started-panel=expanded; pm_space-members-panel=expanded; pm_user-tags-panel=expanded; pm_user-spaces-panel=expanded; BITRIX_SM_LOGIN=Leonid; _ga=GA1.1.932038363.1479537613; BITRIX_SM_UIDL=Leonid; BITRIX_SM_SALE_UID=1; BITRIX_SM_TIME_ZONE=-180; _csrf-backend=c816a782578150ed98ff1d4ce11f2e86b5baa2c3f4a248eaadf561683d60b659a%3A2%3A%7Bi%3A0%3Bs%3A13%3A%22_csrf-backend%22%3Bi%3A1%3Bs%3A32%3A%22DUxgQzgf_5gXrpXi8bCgXMAOBOpxR3Rm%22%3B%7D; advanced-backend=850677a1b082afb69757f22d931a0033; language=c4578207924cc367979ab91d6dda47a75b5e2a75733f32a835a656c26973b7fba%3A2%3A%7Bi%3A0%3Bs%3A8%3A%22language%22%3Bi%3A1%3Bs%3A2%3A%22ru%22%3B%7D; _identity-backend=2d6bd9d69e099c74100fda26a56aa6ff9ec23d91ad4204d295fe0a0fa69bd648a%3A2%3A%7Bi%3A0%3Bs%3A17%3A%22_identity-backend%22%3Bi%3A1%3Bs%3A46%3A%22%5B1%2C%22BSGsJlF4xS-tS0Be9ISHqwFNHvF3P0Wo%22%2C2592000%5D%22%3B%7D; _csrf=160fe73efb6c54fa834642bea8804a995fcb317df2dbe6c22a8f438493656ff4a%3A2%3A%7Bi%3A0%3Bs%3A5%3A%22_csrf%22%3Bi%3A1%3Bs%3A32%3A%22BGGC1dBKKAEkwmXASZR1EEnlVJN1FTAA%22%3B%7D; PHPSESSID=657e7b75bea31bca1a44adfabe81e514; _identity=66c6f668f90eabc8ec407053586ed6c7cc4c9d262ff7b18ece132f5a208a4fb7a%3A2%3A%7Bi%3A0%3Bs%3A9%3A%22_identity%22%3Bi%3A1%3Bs%3A50%3A%22%5B1%2C%22faf7fd8e-02fa-4d03-8ead-c093619f3089%22%2C2592000%5D%22%3B%7D'
    'HTTP_X_COMPRESS' => 'null'
    'PATH' => '/usr/bin:/bin:/usr/sbin:/sbin'
    'SERVER_SIGNATURE' => ''
    'SERVER_SOFTWARE' => 'Apache/2.2.31 (Unix) mod_wsgi/3.5 Python/2.7.12 PHP/5.6.27 mod_ssl/2.2.31 OpenSSL/1.0.2j DAV/2 mod_fastcgi/2.4.6 mod_perl/2.0.9 Perl/v5.24.0'
    'SERVER_NAME' => 'localhost'
    'SERVER_ADDR' => '::1'
    'SERVER_PORT' => '8888'
    'REMOTE_ADDR' => '::1'
    'DOCUMENT_ROOT' => '/Applications/MAMP/htdocs'
    'SERVER_ADMIN' => 'you@example.com'
    'SCRIPT_FILENAME' => '/Applications/MAMP/htdocs/humhub/index.php'
    'REMOTE_PORT' => '64139'
    'GATEWAY_INTERFACE' => 'CGI/1.1'
    'SERVER_PROTOCOL' => 'HTTP/1.1'
    'REQUEST_METHOD' => 'POST'
    'QUERY_STRING' => 'r=space%2Fcreate%2Fcreate'
    'REQUEST_URI' => '/humhub/index.php?r=space%2Fcreate%2Fcreate'
    'SCRIPT_NAME' => '/humhub/index.php'
    'PHP_SELF' => '/humhub/index.php'
    'REQUEST_TIME_FLOAT' => 1480152689.31
    'REQUEST_TIME' => 1480152689
    'argv' => [
        0 => 'r=space%2Fcreate%2Fcreate'
    ]
    'argc' => 1
]
